<?xml version="1.0" encoding="UTF-8"?>
<!-- Generated by org.testng.reporters.JUnitReportReporter -->
<testsuite hostname="DESKTOP-JVN5RP9" failures="0" tests="1" name="ITProfound.Elaachi.RESTAPITest" time="0.001" errors="0" timestamp="2021-04-22T11:34:58 IST" skipped="0">
  <testcase classname="ITProfound.Elaachi.RESTAPITest" name="apiAutomation" time="0.001"/>
  <system-out/>
</testsuite> <!-- ITProfound.Elaachi.RESTAPITest -->
