<?xml version="1.0" encoding="UTF-8"?>
<!-- Generated by org.testng.reporters.JUnitReportReporter -->
<testsuite hostname="DESKTOP-JVN5RP9" failures="0" tests="1" name="ITProfound.Elaachi.AppiumTest" time="0.000" errors="0" timestamp="2021-04-22T11:35:29 IST" skipped="0">
  <testcase classname="ITProfound.Elaachi.AppiumTest" name="appAutomation" time="0.000"/>
  <system-out/>
</testsuite> <!-- ITProfound.Elaachi.AppiumTest -->
